<?xml version="1.0" encoding="UTF-8"?>
<!-- Generated by org.testng.reporters.JUnitReportReporter -->
<testsuite hostname="DESKTOP-9JHPJBD" failures="0" tests="1" name="ETOEProject.Project.validatenavigationbar" time="0.276" errors="0" timestamp="2022-06-16T12:27:45 CDT" skipped="0">
  <testcase classname="ETOEProject.Project.validatenavigationbar" name="basePageNavigation" time="0.276"/>
  <system-out/>
</testsuite> <!-- ETOEProject.Project.validatenavigationbar -->
