<?xml version="1.0" encoding="UTF-8"?>
<!-- Generated by org.testng.reporters.JUnitReportReporter -->
<testsuite hostname="DESKTOP-9JHPJBD" failures="0" tests="1" name="ETOEProject.Project.validateTitle" time="0.319" errors="0" timestamp="2022-06-16T12:28:16 CDT" skipped="0">
  <testcase classname="ETOEProject.Project.validateTitle" name="basePageNavigation" time="0.319"/>
  <system-out/>
</testsuite> <!-- ETOEProject.Project.validateTitle -->
