<?xml version="1.0" encoding="UTF-8"?>
<!-- Generated by org.testng.reporters.JUnitReportReporter -->
<testsuite hostname="DESKTOP-9JHPJBD" failures="0" tests="2" name="ETOEProject.Project.home" time="37.095" errors="0" timestamp="2022-06-16T12:52:46 CDT" skipped="0">
  <testcase classname="ETOEProject.Project.home" name="basePageNavigation" time="16.376"/>
  <system-out/>
  <testcase classname="ETOEProject.Project.home" name="basePageNavigation" time="20.719"/>
  <system-out/>
</testsuite> <!-- ETOEProject.Project.home -->
