<?xml version="1.0" encoding="UTF-8"?>
<!-- Generated by org.testng.reporters.JUnitReportReporter -->
<testsuite hostname="DESKTOP-9JHPJBD" failures="0" tests="1" name="ETOEProject.Project.validateTitle" time="0.121" errors="0" timestamp="2022-06-17T08:29:13 CDT" skipped="0">
  <testcase classname="ETOEProject.Project.validateTitle" name="basePageNavigation" time="0.121"/>
  <system-out/>
</testsuite> <!-- ETOEProject.Project.validateTitle -->
